xlpersistentdff.ngc /data/casper/mlib_devel_cbass/c09f12_01/sysgen/sysgen/perl_results.vhd bmg_72_7923a80e2a3186d3.mif bmg_72_031b3366e458494d.ngc cntr_11_0_48e1762367ed2904.vhd bmg_72_804e79c102c84f5c.mif bmg_72_37c9a3ecdc0c1393.ngc cntr_11_0_ed472a6d5a5cb515.ngc bmg_72_a6ba22940df932c0.vhd bmg_72_37c9a3ecdc0c1393.vhd bmg_72_8ed993a9a42f84a8.mif bmg_72_deac774267b579f6.mif bmg_72_4f929f931e999067.ngc bmg_72_3bc6d5a32af9b138.vhd cntr_11_0_ecb560ca58503876.ngc bmg_72_765e7ee20c0385ac.vhd bmg_72_763f056d1756d515.vhd bmg_72_4f929f931e999067.mif bmg_72_47e00fa602868a13.vhd dmg_72_c09662d4202cd49a.vhd bmg_72_4394a065975be75e.mif addsb_11_0_cdd18bba176b5e77.vhd dmg_72_60b1d930b1392bee.vhd addsb_11_0_cdd18bba176b5e77.ngc cntr_11_0_09a48837e6414c49.vhd cntr_11_0_aeada998ec385fcd.ngc cntr_11_0_d443bc0f2f8ab282.vhd cntr_11_0_ccf1a4007466a9ac.vhd bmg_72_b1697c6003ecdb6f.ngc addsb_11_0_b5c2f0e20381feb6.vhd cntr_11_0_263175d139d7ac6d.ngc dmg_72_8ff5c16d3b09b3bb.vhd bmg_72_76e1be4e7480a75f.ngc bmg_72_8ed993a9a42f84a8.ngc cntr_11_0_d98da069fc1111dd.ngc bmg_72_5eb14d6795836fe0.vhd dmg_72_9ddb0dccfe86828e.ngc cntr_11_0_5175c845ca556d8f.ngc cntr_11_0_904cce14b13b282e.ngc cntr_11_0_bc43ff9b02fd1262.vhd cntr_11_0_c0e9491a3fe88c1d.vhd bmg_72_f27fe95e91d868c0.vhd cntr_11_0_0400b347688ef51a.vhd dmg_72_8cacf5ca230175f7.mif bmg_72_b3ad50e1afdb9e3d.mif dmg_72_8ff5c16d3b09b3bb.mif cntr_11_0_4df07e1ba68d0c6e.vhd cntr_11_0_b502b5814ea90a92.ngc cntr_11_0_e22be57ef6aab3d8.vhd bmg_72_f27fe95e91d868c0.mif bmg_72_b673a6c277a0b565.mif cntr_11_0_10284ba20859264d.vhd bmg_72_321d886e2c47e239.mif cntr_11_0_14e5b6d5c91ed436.ngc cntr_11_0_bc43ff9b02fd1262.ngc addsb_11_0_607fe0700100c715.ngc cntr_11_0_5c141fadd7b08b3b.ngc bmg_72_a6ba22940df932c0.ngc bmg_72_bf7d8227d376109b.mif cntr_11_0_e16427883c4a8980.ngc cntr_11_0_ed472a6d5a5cb515.vhd bmg_72_76e1be4e7480a75f.mif cntr_11_0_f2301c6681846b15.vhd addsb_11_0_6c8b791c8b797704.ngc bmg_72_043bb11b7d009cca.vhd bmg_72_47e00fa602868a13.mif cntr_11_0_5175c845ca556d8f.vhd bmg_72_5eb14d6795836fe0.ngc bmg_72_05b952b0e97b2a0d.vhd bmg_72_59f0d912b26aa159.mif bmg_72_bf7d8227d376109b.ngc cntr_11_0_50ef766046ea9bf4.ngc bmg_72_4f929f931e999067.vhd bmg_72_b50899b30d5ca737.mif cntr_11_0_514048f9c72a30b1.ngc bmg_72_a613d001e124acbe.ngc accm_11_0_8f8edad76401ddd0.vhd bmg_72_05b952b0e97b2a0d.mif bmg_72_35957677be9347c5.mif cntr_11_0_047d617e0a3da9e0.vhd cntr_11_0_99cfda0476972b76.vhd cntr_11_0_0c0d4ef78e6c6aa9.ngc cntr_11_0_93187ca4b7bc144e.vhd cntr_11_0_aeada998ec385fcd.vhd cntr_11_0_263175d139d7ac6d.vhd bmg_72_763f056d1756d515.ngc addsb_11_0_967e0ec2eea991a6.vhd bmg_72_def2631b070914b0.mif bmg_72_f27fe95e91d868c0.ngc bmg_72_804e79c102c84f5c.ngc cntr_11_0_0c0d4ef78e6c6aa9.vhd bmg_72_b673a6c277a0b565.ngc addsb_11_0_defe95552cb97446.ngc bmg_72_82d7e698d6cd5771.ngc bmg_72_031b3366e458494d.vhd cntr_11_0_85571b722fff644c.ngc bmg_72_48d0f511ba241493.mif bmg_72_1853928182002eb1.ngc bmg_72_4394a065975be75e.vhd bmg_72_a613d001e124acbe.mif cntr_11_0_7eefee4be204e56b.ngc cntr_11_0_68c512538c59954a.vhd bmg_72_4394a065975be75e.ngc bmg_72_ddcdd9bb5f78a2a9.vhd bmg_72_47e00fa602868a13.ngc addsb_11_0_defe95552cb97446.vhd cntr_11_0_9cad7c433fbdcec9.vhd cntr_11_0_e16427883c4a8980.vhd cntr_11_0_d98da069fc1111dd.vhd bmg_72_deac774267b579f6.ngc bmg_72_76e1be4e7480a75f.vhd cntr_11_0_9407b84ef10719d1.ngc cntr_11_0_7eefee4be204e56b.vhd bmg_72_b1697c6003ecdb6f.mif dmg_72_9ddb0dccfe86828e.vhd bmg_72_804e79c102c84f5c.vhd cntr_11_0_d443bc0f2f8ab282.ngc cntr_11_0_68c512538c59954a.ngc bmg_72_043bb11b7d009cca.mif bmg_72_04e0d9cde0f49a3d.ngc bmg_72_b50899b30d5ca737.vhd cntr_11_0_3ad9dc21603f5ae0.vhd bmg_72_043bb11b7d009cca.ngc cntr_11_0_10284ba20859264d.ngc dmg_72_c09662d4202cd49a.mif bmg_72_82d7e698d6cd5771.mif bmg_72_def2631b070914b0.ngc bmg_72_321d886e2c47e239.ngc bmg_72_3de7891ec729adb4.ngc cntr_11_0_8438db56645cca14.ngc bmg_72_ddcdd9bb5f78a2a9.mif cntr_11_0_467594213c284489.ngc bmg_72_b3ad50e1afdb9e3d.ngc cntr_11_0_14e5b6d5c91ed436.vhd bmg_72_3bc6d5a32af9b138.ngc cntr_11_0_0400b347688ef51a.ngc cntr_11_0_047d617e0a3da9e0.ngc cntr_11_0_09a48837e6414c49.ngc cntr_11_0_c0e9491a3fe88c1d.ngc bmg_72_a6ba22940df932c0.mif bmg_72_22ecfdf9c708a18d.ngc bmg_72_48d0f511ba241493.vhd xfft_v7_0_8bfb05e20d13daa5.ngc cntr_11_0_904cce14b13b282e.vhd cntr_11_0_81c610783c35b073.ngc cntr_11_0_77d9d8bb324abfb9.vhd bmg_72_ba30712f7b147c00.vhd bmg_72_37c9a3ecdc0c1393.mif cntr_11_0_8438db56645cca14.vhd bmg_72_ba30712f7b147c00.mif bmg_72_b673a6c277a0b565.vhd bmg_72_a613d001e124acbe.vhd bmg_72_22ecfdf9c708a18d.vhd bmg_72_deac774267b579f6.vhd bmg_72_5eb14d6795836fe0.mif bmg_72_3bc6d5a32af9b138.mif xfft_v7_0_8bfb05e20d13daa5.vhd addsb_11_0_6791698c7be255e7.ngc bmg_72_35957677be9347c5.vhd bmg_72_763f056d1756d515.mif cntr_11_0_93187ca4b7bc144e.ngc bmg_72_dc97d51467d52108.mif dmg_72_8cacf5ca230175f7.vhd cntr_11_0_81c610783c35b073.vhd dmg_72_c09662d4202cd49a.ngc bmg_72_f55ad1fbb330c587.mif bmg_72_def2631b070914b0.vhd bmg_72_7923a80e2a3186d3.ngc addsb_11_0_6791698c7be255e7.vhd bmg_72_f55ad1fbb330c587.vhd dmg_72_60b1d930b1392bee.ngc dmg_72_31a1909e3929c7f7.ngc bmg_72_1853928182002eb1.vhd bmg_72_dc97d51467d52108.vhd bmg_72_22ecfdf9c708a18d.mif cntr_11_0_f2301c6681846b15.ngc bmg_72_82d7e698d6cd5771.vhd dmg_72_8cacf5ca230175f7.ngc bmg_72_765e7ee20c0385ac.ngc bmg_72_dc97d51467d52108.ngc cntr_11_0_514048f9c72a30b1.vhd cntr_11_0_467594213c284489.vhd cntr_11_0_5c141fadd7b08b3b.vhd bmg_72_321d886e2c47e239.vhd addsb_11_0_967e0ec2eea991a6.ngc dmg_72_9ddb0dccfe86828e.mif addsb_11_0_a37a2abb0bb82ab2.vhd cntr_11_0_4df07e1ba68d0c6e.ngc bmg_72_b50899b30d5ca737.ngc cntr_11_0_ecb560ca58503876.vhd dmg_72_31a1909e3929c7f7.mif bmg_72_7884e23b5c653602.mif cntr_11_0_3ad9dc21603f5ae0.ngc addsb_11_0_0b9b6e1cbccbb2be.vhd bmg_72_ddcdd9bb5f78a2a9.ngc bmg_72_48d0f511ba241493.ngc bmg_72_04e0d9cde0f49a3d.vhd cntr_11_0_99cfda0476972b76.ngc bmg_72_7884e23b5c653602.vhd bmg_72_7923a80e2a3186d3.vhd addsb_11_0_b5c2f0e20381feb6.ngc bmg_72_05b952b0e97b2a0d.ngc cntr_11_0_50ef766046ea9bf4.vhd bmg_72_ba30712f7b147c00.ngc addsb_11_0_607fe0700100c715.vhd bmg_72_59f0d912b26aa159.ngc cntr_11_0_b502b5814ea90a92.vhd bmg_72_1853928182002eb1.mif bmg_72_59f0d912b26aa159.vhd addsb_11_0_0b9b6e1cbccbb2be.ngc cntr_11_0_85571b722fff644c.vhd bmg_72_3de7891ec729adb4.vhd cntr_11_0_ccf1a4007466a9ac.ngc bmg_72_35957677be9347c5.ngc dmg_72_31a1909e3929c7f7.vhd bmg_72_f55ad1fbb330c587.ngc bmg_72_3de7891ec729adb4.mif bmg_72_b3ad50e1afdb9e3d.vhd addsb_11_0_a37a2abb0bb82ab2.ngc cntr_11_0_e22be57ef6aab3d8.ngc bmg_72_7884e23b5c653602.ngc cntr_11_0_48e1762367ed2904.ngc cntr_11_0_9cad7c433fbdcec9.ngc bmg_72_031b3366e458494d.mif bmg_72_765e7ee20c0385ac.mif addsb_11_0_6c8b791c8b797704.vhd dmg_72_8ff5c16d3b09b3bb.ngc bmg_72_bf7d8227d376109b.vhd accm_11_0_8f8edad76401ddd0.ngc bmg_72_8ed993a9a42f84a8.vhd bmg_72_b1697c6003ecdb6f.vhd cntr_11_0_77d9d8bb324abfb9.ngc dmg_72_60b1d930b1392bee.mif cntr_11_0_9407b84ef10719d1.vhd bmg_72_04e0d9cde0f49a3d.mif nonleaf_results.vhd synopsis
opened file c09f12_01.vhd
copied cntr_11_0_48e1762367ed2904.vhd
copied bmg_72_a6ba22940df932c0.vhd
copied bmg_72_37c9a3ecdc0c1393.vhd
copied bmg_72_3bc6d5a32af9b138.vhd
copied bmg_72_765e7ee20c0385ac.vhd
copied bmg_72_763f056d1756d515.vhd
copied bmg_72_47e00fa602868a13.vhd
copied dmg_72_c09662d4202cd49a.vhd
copied addsb_11_0_cdd18bba176b5e77.vhd
copied dmg_72_60b1d930b1392bee.vhd
copied cntr_11_0_09a48837e6414c49.vhd
copied cntr_11_0_d443bc0f2f8ab282.vhd
copied cntr_11_0_ccf1a4007466a9ac.vhd
copied addsb_11_0_b5c2f0e20381feb6.vhd
copied dmg_72_8ff5c16d3b09b3bb.vhd
copied bmg_72_5eb14d6795836fe0.vhd
copied cntr_11_0_bc43ff9b02fd1262.vhd
copied cntr_11_0_c0e9491a3fe88c1d.vhd
copied bmg_72_f27fe95e91d868c0.vhd
copied cntr_11_0_0400b347688ef51a.vhd
copied cntr_11_0_4df07e1ba68d0c6e.vhd
copied cntr_11_0_e22be57ef6aab3d8.vhd
copied cntr_11_0_10284ba20859264d.vhd
copied cntr_11_0_ed472a6d5a5cb515.vhd
copied cntr_11_0_f2301c6681846b15.vhd
copied bmg_72_043bb11b7d009cca.vhd
copied cntr_11_0_5175c845ca556d8f.vhd
copied bmg_72_05b952b0e97b2a0d.vhd
copied bmg_72_4f929f931e999067.vhd
copied accm_11_0_8f8edad76401ddd0.vhd
copied cntr_11_0_047d617e0a3da9e0.vhd
copied cntr_11_0_99cfda0476972b76.vhd
copied cntr_11_0_93187ca4b7bc144e.vhd
copied cntr_11_0_aeada998ec385fcd.vhd
copied cntr_11_0_263175d139d7ac6d.vhd
copied addsb_11_0_967e0ec2eea991a6.vhd
copied cntr_11_0_0c0d4ef78e6c6aa9.vhd
copied bmg_72_031b3366e458494d.vhd
copied bmg_72_4394a065975be75e.vhd
copied cntr_11_0_68c512538c59954a.vhd
copied bmg_72_ddcdd9bb5f78a2a9.vhd
copied addsb_11_0_defe95552cb97446.vhd
copied cntr_11_0_9cad7c433fbdcec9.vhd
copied cntr_11_0_e16427883c4a8980.vhd
copied cntr_11_0_d98da069fc1111dd.vhd
copied bmg_72_76e1be4e7480a75f.vhd
copied cntr_11_0_7eefee4be204e56b.vhd
copied dmg_72_9ddb0dccfe86828e.vhd
copied bmg_72_804e79c102c84f5c.vhd
copied bmg_72_b50899b30d5ca737.vhd
copied cntr_11_0_3ad9dc21603f5ae0.vhd
copied cntr_11_0_14e5b6d5c91ed436.vhd
copied bmg_72_48d0f511ba241493.vhd
copied cntr_11_0_904cce14b13b282e.vhd
copied cntr_11_0_77d9d8bb324abfb9.vhd
copied bmg_72_ba30712f7b147c00.vhd
copied cntr_11_0_8438db56645cca14.vhd
copied bmg_72_b673a6c277a0b565.vhd
copied bmg_72_a613d001e124acbe.vhd
copied bmg_72_22ecfdf9c708a18d.vhd
copied bmg_72_deac774267b579f6.vhd
copied xfft_v7_0_8bfb05e20d13daa5.vhd
copied bmg_72_35957677be9347c5.vhd
copied dmg_72_8cacf5ca230175f7.vhd
copied cntr_11_0_81c610783c35b073.vhd
copied bmg_72_def2631b070914b0.vhd
copied addsb_11_0_6791698c7be255e7.vhd
copied bmg_72_f55ad1fbb330c587.vhd
copied bmg_72_1853928182002eb1.vhd
copied bmg_72_dc97d51467d52108.vhd
copied bmg_72_82d7e698d6cd5771.vhd
copied cntr_11_0_514048f9c72a30b1.vhd
copied cntr_11_0_467594213c284489.vhd
copied cntr_11_0_5c141fadd7b08b3b.vhd
copied bmg_72_321d886e2c47e239.vhd
copied addsb_11_0_a37a2abb0bb82ab2.vhd
copied cntr_11_0_ecb560ca58503876.vhd
copied addsb_11_0_0b9b6e1cbccbb2be.vhd
copied bmg_72_04e0d9cde0f49a3d.vhd
copied bmg_72_7884e23b5c653602.vhd
copied bmg_72_7923a80e2a3186d3.vhd
copied cntr_11_0_50ef766046ea9bf4.vhd
copied addsb_11_0_607fe0700100c715.vhd
copied cntr_11_0_b502b5814ea90a92.vhd
copied bmg_72_59f0d912b26aa159.vhd
copied cntr_11_0_85571b722fff644c.vhd
copied bmg_72_3de7891ec729adb4.vhd
copied dmg_72_31a1909e3929c7f7.vhd
copied bmg_72_b3ad50e1afdb9e3d.vhd
copied addsb_11_0_6c8b791c8b797704.vhd
copied bmg_72_bf7d8227d376109b.vhd
copied bmg_72_8ed993a9a42f84a8.vhd
copied bmg_72_b1697c6003ecdb6f.vhd
copied cntr_11_0_9407b84ef10719d1.vhd
copied /data/casper/mlib_devel_cbass/c09f12_01/sysgen/sysgen/perl_results.vhd
copied nonleaf_results.vhd
